Build started 2015/9/12 8:35:04.
     1>Project "G:\Codelgy\C++\Leetcode\Leetcode\Leetcode.vcxproj" on node 2 (build target(s)).
     1>InitializeBuildStatus:
         Creating "Debug\Leetcode.unsuccessfulbuild" because "AlwaysCreate" was specified.
       ClCompile:
         D:\Program Files (x86)\Microsoft Visual Studio 10.0\VC\bin\CL.exe /c /ZI /nologo /W3 /WX- /Od /Oy- /D _MBCS /Gm /EHsc /RTC1 /MDd /GS /fp:precise /Zc:wchar_t /Zc:forScope /Fo"Debug\\" /Fd"Debug\vc100.pdb" /Gd /TP /analyze- /errorReport:prompt MissNumber.cpp
         MissNumber.cpp
       Link:
         D:\Program Files (x86)\Microsoft Visual Studio 10.0\VC\bin\link.exe /ERRORREPORT:PROMPT /OUT:"G:\Codelgy\C++\Leetcode\Debug\Leetcode.exe" /NOLOGO kernel32.lib user32.lib gdi32.lib winspool.lib comdlg32.lib advapi32.lib shell32.lib ole32.lib oleaut32.lib uuid.lib odbc32.lib odbccp32.lib /MANIFEST /ManifestFile:"Debug\Leetcode.exe.intermediate.manifest" /MANIFESTUAC:"level='asInvoker' uiAccess='false'" /DEBUG /PDB:"G:\Codelgy\C++\Leetcode\Debug\Leetcode.pdb" /TLBID:1 /DYNAMICBASE /NXCOMPAT /IMPLIB:"G:\Codelgy\C++\Leetcode\Debug\Leetcode.lib" /MACHINE:X86 Debug\BinaryTree.obj
         Debug\findNumbinarySearch.obj
         Debug\GenerateParentheses.obj
         Debug\hIndex.obj
         Debug\IntToRoman.obj
         Debug\LetterCombinationsofAPhoneNumber.obj
         Debug\match.obj
         Debug\median.obj
         Debug\MergeKSort.obj
         Debug\MissNumber.obj
         Debug\PalindromicSubString.obj
         Debug\ReserveNum.obj
         Debug\WaterContiner.obj
         Debug\ZigZagConversion.obj
         LINK : G:\Codelgy\C++\Leetcode\Debug\Leetcode.exe not found or not built by the last incremental link; performing full link
         Leetcode.vcxproj -> G:\Codelgy\C++\Leetcode\Debug\Leetcode.exe
       Manifest:
         C:\Program Files (x86)\Microsoft SDKs\Windows\v7.0A\bin\mt.exe /nologo /verbose /outputresource:"G:\Codelgy\C++\Leetcode\Debug\Leetcode.exe;#1" /manifest Debug\Leetcode.exe.intermediate.manifest
       FinalizeBuildStatus:
         Deleting file "Debug\Leetcode.unsuccessfulbuild".
         Touching "Debug\Leetcode.lastbuildstate".
     1>Done Building Project "G:\Codelgy\C++\Leetcode\Leetcode\Leetcode.vcxproj" (build target(s)).

Build succeeded.

Time Elapsed 00:00:00.63
