C:\DOCUMENTS AND SETTINGS\MJW\MY DOCUMENTS\VISUAL STUDIO 2010\PROJECTS\PROCESSINJECT\DEBUG\PROCESSINJECT.DLL
C:\DOCUMENTS AND SETTINGS\MJW\MY DOCUMENTS\VISUAL STUDIO 2010\PROJECTS\PROCESSINJECT\DEBUG\PROCESSINJECT.ILK
C:\DOCUMENTS AND SETTINGS\MJW\MY DOCUMENTS\VISUAL STUDIO 2010\PROJECTS\PROCESSINJECT\DEBUG\PROCESSINJECT.PDB
C:\Documents and Settings\mjw\My Documents\Visual Studio 2010\Projects\ProcessInject\ProcessInject\Debug\cl.command.1.tlog
C:\Documents and Settings\mjw\My Documents\Visual Studio 2010\Projects\ProcessInject\ProcessInject\Debug\CL.read.1.tlog
C:\Documents and Settings\mjw\My Documents\Visual Studio 2010\Projects\ProcessInject\ProcessInject\Debug\CL.write.1.tlog
C:\Documents and Settings\mjw\My Documents\Visual Studio 2010\Projects\ProcessInject\ProcessInject\Debug\link.3424.read.1.tlog
C:\Documents and Settings\mjw\My Documents\Visual Studio 2010\Projects\ProcessInject\ProcessInject\Debug\link.3424.write.1.tlog
C:\Documents and Settings\mjw\My Documents\Visual Studio 2010\Projects\ProcessInject\ProcessInject\Debug\link.3424-cvtres.read.1.tlog
C:\Documents and Settings\mjw\My Documents\Visual Studio 2010\Projects\ProcessInject\ProcessInject\Debug\link.3424-cvtres.write.1.tlog
C:\Documents and Settings\mjw\My Documents\Visual Studio 2010\Projects\ProcessInject\ProcessInject\Debug\link.3432.read.1.tlog
C:\Documents and Settings\mjw\My Documents\Visual Studio 2010\Projects\ProcessInject\ProcessInject\Debug\link.3432.write.1.tlog
C:\Documents and Settings\mjw\My Documents\Visual Studio 2010\Projects\ProcessInject\ProcessInject\Debug\link.3432-cvtres.read.1.tlog
C:\Documents and Settings\mjw\My Documents\Visual Studio 2010\Projects\ProcessInject\ProcessInject\Debug\link.3432-cvtres.write.1.tlog
C:\Documents and Settings\mjw\My Documents\Visual Studio 2010\Projects\ProcessInject\ProcessInject\Debug\link.command.1.tlog
C:\Documents and Settings\mjw\My Documents\Visual Studio 2010\Projects\ProcessInject\ProcessInject\Debug\link.read.1.tlog
C:\Documents and Settings\mjw\My Documents\Visual Studio 2010\Projects\ProcessInject\ProcessInject\Debug\link.write.1.tlog
C:\Documents and Settings\mjw\My Documents\Visual Studio 2010\Projects\ProcessInject\ProcessInject\Debug\link-cvtres.read.1.tlog
C:\Documents and Settings\mjw\My Documents\Visual Studio 2010\Projects\ProcessInject\ProcessInject\Debug\link-cvtres.write.1.tlog
C:\Documents and Settings\mjw\My Documents\Visual Studio 2010\Projects\ProcessInject\ProcessInject\Debug\mt.command.1.tlog
C:\Documents and Settings\mjw\My Documents\Visual Studio 2010\Projects\ProcessInject\ProcessInject\Debug\mt.read.1.tlog
C:\Documents and Settings\mjw\My Documents\Visual Studio 2010\Projects\ProcessInject\ProcessInject\Debug\mt.write.1.tlog
C:\DOCUMENTS AND SETTINGS\MJW\MY DOCUMENTS\VISUAL STUDIO 2010\PROJECTS\PROCESSINJECT\PROCESSINJECT\DEBUG\PROCESSINJECT.DLL.EMBED.MANIFEST
C:\DOCUMENTS AND SETTINGS\MJW\MY DOCUMENTS\VISUAL STUDIO 2010\PROJECTS\PROCESSINJECT\PROCESSINJECT\DEBUG\PROCESSINJECT.DLL.EMBED.MANIFEST.RES
C:\DOCUMENTS AND SETTINGS\MJW\MY DOCUMENTS\VISUAL STUDIO 2010\PROJECTS\PROCESSINJECT\PROCESSINJECT\DEBUG\PROCESSINJECT.DLL.INTERMEDIATE.MANIFEST
C:\DOCUMENTS AND SETTINGS\MJW\MY DOCUMENTS\VISUAL STUDIO 2010\PROJECTS\PROCESSINJECT\PROCESSINJECT\DEBUG\PROCESSINJECT.EXE.EMBED.MANIFEST
C:\Documents and Settings\mjw\My Documents\Visual Studio 2010\Projects\ProcessInject\ProcessInject\Debug\ProcessInject.exe.embed.manifest.res
C:\Documents and Settings\mjw\My Documents\Visual Studio 2010\Projects\ProcessInject\ProcessInject\Debug\ProcessInject.exe.intermediate.manifest
C:\DOCUMENTS AND SETTINGS\MJW\MY DOCUMENTS\VISUAL STUDIO 2010\PROJECTS\PROCESSINJECT\PROCESSINJECT\DEBUG\PROCESSINJECT.OBJ
C:\DOCUMENTS AND SETTINGS\MJW\MY DOCUMENTS\VISUAL STUDIO 2010\PROJECTS\PROCESSINJECT\PROCESSINJECT\DEBUG\PROCESSINJECT.PCH
C:\Documents and Settings\mjw\My Documents\Visual Studio 2010\Projects\ProcessInject\ProcessInject\Debug\ProcessInject_manifest.rc
C:\DOCUMENTS AND SETTINGS\MJW\MY DOCUMENTS\VISUAL STUDIO 2010\PROJECTS\PROCESSINJECT\PROCESSINJECT\DEBUG\PROGRAM.OBJ
C:\Documents and Settings\mjw\My Documents\Visual Studio 2010\Projects\ProcessInject\ProcessInject\Debug\rc.command.1.tlog
C:\Documents and Settings\mjw\My Documents\Visual Studio 2010\Projects\ProcessInject\ProcessInject\Debug\rc.read.1.tlog
C:\Documents and Settings\mjw\My Documents\Visual Studio 2010\Projects\ProcessInject\ProcessInject\Debug\rc.write.1.tlog
C:\DOCUMENTS AND SETTINGS\MJW\MY DOCUMENTS\VISUAL STUDIO 2010\PROJECTS\PROCESSINJECT\PROCESSINJECT\DEBUG\STDAFX.OBJ
C:\Documents and Settings\mjw\My Documents\Visual Studio 2010\Projects\ProcessInject\ProcessInject\Debug\vc100.idb
C:\DOCUMENTS AND SETTINGS\MJW\MY DOCUMENTS\VISUAL STUDIO 2010\PROJECTS\PROCESSINJECT\PROCESSINJECT\DEBUG\VC100.PDB
