F:\VC2010\FIRST\STLTEXT\RELEASE\STLTEXT.EXE
F:\VC2010\FIRST\STLTEXT\RELEASE\STLTEXT.PDB
F:\vc2010\first\STLtext\STLtext\Release\cl.command.1.tlog
F:\vc2010\first\STLtext\STLtext\Release\CL.read.1.tlog
F:\vc2010\first\STLtext\STLtext\Release\CL.write.1.tlog
F:\vc2010\first\STLtext\STLtext\Release\link.command.1.tlog
F:\vc2010\first\STLtext\STLtext\Release\link.read.1.tlog
F:\vc2010\first\STLtext\STLtext\Release\link.write.1.tlog
F:\vc2010\first\STLtext\STLtext\Release\link-cvtres.read.1.tlog
F:\vc2010\first\STLtext\STLtext\Release\link-cvtres.write.1.tlog
F:\vc2010\first\STLtext\STLtext\Release\mt.command.1.tlog
F:\vc2010\first\STLtext\STLtext\Release\mt.read.1.tlog
F:\vc2010\first\STLtext\STLtext\Release\mt.write.1.tlog
F:\vc2010\first\STLtext\STLtext\Release\rc.command.1.tlog
F:\vc2010\first\STLtext\STLtext\Release\rc.read.1.tlog
F:\vc2010\first\STLtext\STLtext\Release\rc.write.1.tlog
F:\VC2010\FIRST\STLTEXT\STLTEXT\RELEASE\STDAFX.OBJ
F:\VC2010\FIRST\STLTEXT\STLTEXT\RELEASE\STLTEXT.EXE.INTERMEDIATE.MANIFEST
F:\VC2010\FIRST\STLTEXT\STLTEXT\RELEASE\STLTEXT.OBJ
F:\VC2010\FIRST\STLTEXT\STLTEXT\RELEASE\STLTEXT.PCH
F:\VC2010\FIRST\STLTEXT\STLTEXT\RELEASE\STLTEXT.RES
F:\VC2010\FIRST\STLTEXT\STLTEXT\RELEASE\VC100.PDB
