Build started 2013/12/27 10:44:07.
     1>Project "F:\vc2010\first\STLexample\STLexample\STLexample.vcxproj" on node 2 (build target(s)).
     1>PrepareForBuild:
         Creating directory "F:\vc2010\first\STLexample\Debug\".
       InitializeBuildStatus:
         Creating "Debug\STLexample.unsuccessfulbuild" because "AlwaysCreate" was specified.
       ClCompile:
         D:\Program Files (x86)\Microsoft Visual Studio 10.0\VC\bin\CL.exe /c /ZI /nologo /W3 /WX- /Od /Oy- /D WIN32 /D _DEBUG /D _CONSOLE /D _UNICODE /D UNICODE /Gm /EHsc /RTC1 /MDd /GS /fp:precise /Zc:wchar_t /Zc:forScope /Yc"StdAfx.h" /Fp"Debug\STLexample.pch" /Fo"Debug\\" /Fd"Debug\vc100.pdb" /Gd /TP /analyze- /errorReport:prompt stdafx.cpp
         stdafx.cpp
         D:\Program Files (x86)\Microsoft Visual Studio 10.0\VC\bin\CL.exe /c /ZI /nologo /W3 /WX- /Od /Oy- /D WIN32 /D _DEBUG /D _CONSOLE /D _UNICODE /D UNICODE /Gm /EHsc /RTC1 /MDd /GS /fp:precise /Zc:wchar_t /Zc:forScope /Yu"StdAfx.h" /Fp"Debug\STLexample.pch" /Fo"Debug\\" /Fd"Debug\vc100.pdb" /Gd /TP /analyze- /errorReport:prompt STLexample.cpp
         STLexample.cpp
     1>f:\vc2010\first\stlexample\stlexample\stlexample.cpp(22): warning C4018: '<' : signed/unsigned mismatch
       ManifestResourceCompile:
         C:\Program Files (x86)\Microsoft SDKs\Windows\v7.0A\bin\rc.exe /nologo /fo"Debug\STLexample.exe.embed.manifest.res" Debug\STLexample_manifest.rc 
       Link:
         D:\Program Files (x86)\Microsoft Visual Studio 10.0\VC\bin\link.exe /ERRORREPORT:PROMPT /OUT:"F:\vc2010\first\STLexample\Debug\STLexample.exe" /INCREMENTAL /NOLOGO kernel32.lib user32.lib gdi32.lib winspool.lib comdlg32.lib advapi32.lib shell32.lib ole32.lib oleaut32.lib uuid.lib odbc32.lib odbccp32.lib /MANIFEST /ManifestFile:"Debug\STLexample.exe.intermediate.manifest" /MANIFESTUAC:"level='asInvoker' uiAccess='false'" /DEBUG /PDB:"F:\vc2010\first\STLexample\Debug\STLexample.pdb" /SUBSYSTEM:CONSOLE /TLBID:1 /DYNAMICBASE /NXCOMPAT /IMPLIB:"F:\vc2010\first\STLexample\Debug\STLexample.lib" /MACHINE:X86 Debug\STLexample.exe.embed.manifest.res
         Debug\stdafx.obj
         Debug\STLexample.obj
       Manifest:
         C:\Program Files (x86)\Microsoft SDKs\Windows\v7.0A\bin\mt.exe /nologo /verbose /out:"Debug\STLexample.exe.embed.manifest" /manifest Debug\STLexample.exe.intermediate.manifest
         C:\Program Files (x86)\Microsoft SDKs\Windows\v7.0A\bin\rc.exe /nologo /fo"Debug\STLexample.exe.embed.manifest.res" Debug\STLexample_manifest.rc 
       LinkEmbedManifest:
         D:\Program Files (x86)\Microsoft Visual Studio 10.0\VC\bin\link.exe /ERRORREPORT:PROMPT /OUT:"F:\vc2010\first\STLexample\Debug\STLexample.exe" /INCREMENTAL /NOLOGO kernel32.lib user32.lib gdi32.lib winspool.lib comdlg32.lib advapi32.lib shell32.lib ole32.lib oleaut32.lib uuid.lib odbc32.lib odbccp32.lib /MANIFEST /ManifestFile:"Debug\STLexample.exe.intermediate.manifest" /MANIFESTUAC:"level='asInvoker' uiAccess='false'" /DEBUG /PDB:"F:\vc2010\first\STLexample\Debug\STLexample.pdb" /SUBSYSTEM:CONSOLE /TLBID:1 /DYNAMICBASE /NXCOMPAT /IMPLIB:"F:\vc2010\first\STLexample\Debug\STLexample.lib" /MACHINE:X86 Debug\STLexample.exe.embed.manifest.res
         Debug\stdafx.obj
         Debug\STLexample.obj
         STLexample.vcxproj -> F:\vc2010\first\STLexample\Debug\STLexample.exe
       FinalizeBuildStatus:
         Deleting file "Debug\STLexample.unsuccessfulbuild".
         Touching "Debug\STLexample.lastbuildstate".
     1>Done Building Project "F:\vc2010\first\STLexample\STLexample\STLexample.vcxproj" (build target(s)).

Build succeeded.

Time Elapsed 00:00:01.70
