Build started 2015-6-10 19:58:07.
Project "C:\Documents and Settings\mjw\My Documents\Visual Studio 2010\Projects\ProcessInject\ProcessInject\ProcessInject.vcxproj" on node 2 (build target(s)).
InitializeBuildStatus:
  Creating "Debug\ProcessInject.unsuccessfulbuild" because "AlwaysCreate" was specified.
ClCompile:
  All outputs are up-to-date.
  C:\Program Files\Microsoft Visual Studio 10.0\VC\bin\CL.exe /c /ZI /nologo /W3 /WX- /Od /Oy- /D WIN32 /D _DEBUG /D _CONSOLE /D _MBCS /Gm /EHsc /RTC1 /MDd /GS /fp:precise /Zc:wchar_t /Zc:forScope /Yu"StdAfx.h" /Fp"Debug\ProcessInject.pch" /Fo"Debug\\" /Fd"Debug\vc100.pdb" /Gd /TP /analyze- /errorReport:prompt ProcessInject.cpp
  ProcessInject.cpp
ManifestResourceCompile:
  All outputs are up-to-date.
Link:
  C:\Program Files\Microsoft Visual Studio 10.0\VC\bin\link.exe /ERRORREPORT:PROMPT /OUT:"C:\Documents and Settings\mjw\My Documents\Visual Studio 2010\Projects\ProcessInject\Debug\ProcessInject.exe" /INCREMENTAL /NOLOGO kernel32.lib user32.lib gdi32.lib winspool.lib comdlg32.lib advapi32.lib shell32.lib ole32.lib oleaut32.lib uuid.lib odbc32.lib odbccp32.lib /MANIFEST /ManifestFile:"Debug\ProcessInject.exe.intermediate.manifest" /MANIFESTUAC:"level='asInvoker' uiAccess='false'" /DEBUG /PDB:"C:\Documents and Settings\mjw\My Documents\Visual Studio 2010\Projects\ProcessInject\Debug\ProcessInject.pdb" /SUBSYSTEM:CONSOLE /TLBID:1 /DYNAMICBASE /NXCOMPAT /IMPLIB:"C:\Documents and Settings\mjw\My Documents\Visual Studio 2010\Projects\ProcessInject\Debug\ProcessInject.lib" /MACHINE:X86 Debug\ProcessInject.exe.embed.manifest.res
  Debug\ProcessInject.obj
  Debug\Program.obj
  Debug\ServiceCtrl.obj
  Debug\stdafx.obj
  LINK : C:\Documents and Settings\mjw\My Documents\Visual Studio 2010\Projects\ProcessInject\Debug\ProcessInject.exe not found or not built by the last incremental link; performing full link
Manifest:
  c:\Program Files\Microsoft SDKs\Windows\v7.0A\bin\mt.exe /nologo /verbose /out:"Debug\ProcessInject.exe.embed.manifest" /manifest Debug\ProcessInject.exe.intermediate.manifest
  All outputs are up-to-date.
LinkEmbedManifest:
  All outputs are up-to-date.
  ProcessInject.vcxproj -> C:\Documents and Settings\mjw\My Documents\Visual Studio 2010\Projects\ProcessInject\Debug\ProcessInject.exe
FinalizeBuildStatus:
  Deleting file "Debug\ProcessInject.unsuccessfulbuild".
  Touching "Debug\ProcessInject.lastbuildstate".
Done Building Project "C:\Documents and Settings\mjw\My Documents\Visual Studio 2010\Projects\ProcessInject\ProcessInject\ProcessInject.vcxproj" (build target(s)).

Build succeeded.

Time Elapsed 00:00:03.29
