Build started 2013/12/24 10:45:10.
     1>Project "F:\vc2010\first\HttpDownload\HttpDownload\HttpDownload.vcxproj" on node 2 (build target(s)).
     1>InitializeBuildStatus:
         Creating "Debug\HttpDownload.unsuccessfulbuild" because "AlwaysCreate" was specified.
       ClCompile:
         All outputs are up-to-date.
         D:\Program Files (x86)\Microsoft Visual Studio 10.0\VC\bin\CL.exe /c /ZI /nologo /W3 /WX- /Od /Oy- /D WIN32 /D _DEBUG /D _CONSOLE /D _UNICODE /D UNICODE /D _AFXDLL /Gm /EHsc /RTC1 /MDd /GS /fp:precise /Zc:wchar_t /Zc:forScope /Yu"StdAfx.h" /Fp"Debug\HttpDownload.pch" /Fo"Debug\\" /Fd"Debug\vc100.pdb" /Gd /TP /analyze- /errorReport:prompt HttpDownload.cpp
         HttpDownload.cpp
       ResourceCompile:
         All outputs are up-to-date.
       ManifestResourceCompile:
         All outputs are up-to-date.
       Link:
         D:\Program Files (x86)\Microsoft Visual Studio 10.0\VC\bin\link.exe /ERRORREPORT:PROMPT /OUT:"F:\vc2010\first\HttpDownload\Debug\HttpDownload.exe" /INCREMENTAL /NOLOGO /MANIFEST /ManifestFile:"Debug\HttpDownload.exe.intermediate.manifest" /MANIFESTUAC:"level='asInvoker' uiAccess='false'" /DEBUG /PDB:"F:\vc2010\first\HttpDownload\Debug\HttpDownload.pdb" /SUBSYSTEM:CONSOLE /TLBID:1 /DYNAMICBASE /NXCOMPAT /IMPLIB:"F:\vc2010\first\HttpDownload\Debug\HttpDownload.lib" /MACHINE:X86 Debug\HttpDownload.res
         Debug\HttpDownload.exe.embed.manifest.res
         Debug\HttpDownload.obj
         Debug\stdafx.obj
       Manifest:
         C:\Program Files (x86)\Microsoft SDKs\Windows\v7.0A\bin\mt.exe /nologo /verbose /out:"Debug\HttpDownload.exe.embed.manifest" /manifest Debug\HttpDownload.exe.intermediate.manifest "D:\Program Files (x86)\Microsoft Visual Studio 10.0\VC\Include\Manifest\dpiaware.manifest"
         All outputs are up-to-date.
       LinkEmbedManifest:
         All outputs are up-to-date.
         HttpDownload.vcxproj -> F:\vc2010\first\HttpDownload\Debug\HttpDownload.exe
       FinalizeBuildStatus:
         Deleting file "Debug\HttpDownload.unsuccessfulbuild".
         Touching "Debug\HttpDownload.lastbuildstate".
     1>Done Building Project "F:\vc2010\first\HttpDownload\HttpDownload\HttpDownload.vcxproj" (build target(s)).

Build succeeded.

Time Elapsed 00:00:00.54
