Build started 2013/11/25 16:33:02.
     1>Project "F:\vc2010\first\helloworld.exe\helloworld.exe\helloworld.exe.vcxproj" on node 2 (build target(s)).
     1>InitializeBuildStatus:
         Creating "Debug\helloworld.exe.unsuccessfulbuild" because "AlwaysCreate" was specified.
       ClCompile:
         D:\Program Files (x86)\Microsoft Visual Studio 10.0\VC\bin\CL.exe /c /ZI /nologo /W3 /WX- /Od /Oy- /D WIN32 /D _DEBUG /D _CONSOLE /D _UNICODE /D UNICODE /Gm /EHsc /RTC1 /MDd /GS /fp:precise /Zc:wchar_t /Zc:forScope /Yc"StdAfx.h" /Fp"Debug\helloworld.exe.pch" /Fo"Debug\\" /Fd"Debug\vc100.pdb" /Gd /TP /analyze- /errorReport:prompt stdafx.cpp
         stdafx.cpp
         D:\Program Files (x86)\Microsoft Visual Studio 10.0\VC\bin\CL.exe /c /ZI /nologo /W3 /WX- /Od /Oy- /D WIN32 /D _DEBUG /D _CONSOLE /D _UNICODE /D UNICODE /Gm /EHsc /RTC1 /MDd /GS /fp:precise /Zc:wchar_t /Zc:forScope /Yu"StdAfx.h" /Fp"Debug\helloworld.exe.pch" /Fo"Debug\\" /Fd"Debug\vc100.pdb" /Gd /TP /analyze- /errorReport:prompt helloworld.exe.cpp
         helloworld.exe.cpp
       ManifestResourceCompile:
         C:\Program Files (x86)\Microsoft SDKs\Windows\v7.0A\bin\rc.exe /nologo /fo"Debug\helloworld.exe.exe.embed.manifest.res" Debug\helloworld.exe_manifest.rc 
       Link:
         D:\Program Files (x86)\Microsoft Visual Studio 10.0\VC\bin\link.exe /ERRORREPORT:PROMPT /OUT:"F:\vc2010\first\helloworld.exe\Debug\helloworld.exe.exe" /INCREMENTAL /NOLOGO kernel32.lib user32.lib gdi32.lib winspool.lib comdlg32.lib advapi32.lib shell32.lib ole32.lib oleaut32.lib uuid.lib odbc32.lib odbccp32.lib /MANIFEST /ManifestFile:"Debug\helloworld.exe.exe.intermediate.manifest" /MANIFESTUAC:"level='asInvoker' uiAccess='false'" /DEBUG /PDB:"F:\vc2010\first\helloworld.exe\Debug\helloworld.exe.pdb" /SUBSYSTEM:CONSOLE /TLBID:1 /DYNAMICBASE /NXCOMPAT /IMPLIB:"F:\vc2010\first\helloworld.exe\Debug\helloworld.exe.lib" /MACHINE:X86 Debug\helloworld.exe.exe.embed.manifest.res
         Debug\helloworld.exe.obj
         Debug\stdafx.obj
       Manifest:
         C:\Program Files (x86)\Microsoft SDKs\Windows\v7.0A\bin\mt.exe /nologo /verbose /out:"Debug\helloworld.exe.exe.embed.manifest" /manifest Debug\helloworld.exe.exe.intermediate.manifest
         C:\Program Files (x86)\Microsoft SDKs\Windows\v7.0A\bin\rc.exe /nologo /fo"Debug\helloworld.exe.exe.embed.manifest.res" Debug\helloworld.exe_manifest.rc 
       LinkEmbedManifest:
         D:\Program Files (x86)\Microsoft Visual Studio 10.0\VC\bin\link.exe /ERRORREPORT:PROMPT /OUT:"F:\vc2010\first\helloworld.exe\Debug\helloworld.exe.exe" /INCREMENTAL /NOLOGO kernel32.lib user32.lib gdi32.lib winspool.lib comdlg32.lib advapi32.lib shell32.lib ole32.lib oleaut32.lib uuid.lib odbc32.lib odbccp32.lib /MANIFEST /ManifestFile:"Debug\helloworld.exe.exe.intermediate.manifest" /MANIFESTUAC:"level='asInvoker' uiAccess='false'" /DEBUG /PDB:"F:\vc2010\first\helloworld.exe\Debug\helloworld.exe.pdb" /SUBSYSTEM:CONSOLE /TLBID:1 /DYNAMICBASE /NXCOMPAT /IMPLIB:"F:\vc2010\first\helloworld.exe\Debug\helloworld.exe.lib" /MACHINE:X86 Debug\helloworld.exe.exe.embed.manifest.res
         Debug\helloworld.exe.obj
         Debug\stdafx.obj
         helloworld.exe.vcxproj -> F:\vc2010\first\helloworld.exe\Debug\helloworld.exe.exe
       FinalizeBuildStatus:
         Deleting file "Debug\helloworld.exe.unsuccessfulbuild".
         Touching "Debug\helloworld.exe.lastbuildstate".
     1>Done Building Project "F:\vc2010\first\helloworld.exe\helloworld.exe\helloworld.exe.vcxproj" (build target(s)).

Build succeeded.

Time Elapsed 00:00:00.97
