F:\VC2010\FIRST\HELLOWORLD.EXE\DEBUG\HELLOWORLD.EXE.EXE
F:\VC2010\FIRST\HELLOWORLD.EXE\DEBUG\HELLOWORLD.EXE.ILK
F:\VC2010\FIRST\HELLOWORLD.EXE\DEBUG\HELLOWORLD.EXE.PDB
F:\vc2010\first\helloworld.exe\helloworld.exe\Debug\cl.command.1.tlog
F:\vc2010\first\helloworld.exe\helloworld.exe\Debug\CL.read.1.tlog
F:\vc2010\first\helloworld.exe\helloworld.exe\Debug\CL.write.1.tlog
F:\VC2010\FIRST\HELLOWORLD.EXE\HELLOWORLD.EXE\DEBUG\HELLOWORLD.EXE.EXE.EMBED.MANIFEST
F:\VC2010\FIRST\HELLOWORLD.EXE\HELLOWORLD.EXE\DEBUG\HELLOWORLD.EXE.EXE.EMBED.MANIFEST.RES
F:\VC2010\FIRST\HELLOWORLD.EXE\HELLOWORLD.EXE\DEBUG\HELLOWORLD.EXE.EXE.INTERMEDIATE.MANIFEST
F:\VC2010\FIRST\HELLOWORLD.EXE\HELLOWORLD.EXE\DEBUG\HELLOWORLD.EXE.OBJ
F:\VC2010\FIRST\HELLOWORLD.EXE\HELLOWORLD.EXE\DEBUG\HELLOWORLD.EXE.PCH
F:\vc2010\first\helloworld.exe\helloworld.exe\Debug\helloworld.exe_manifest.rc
F:\vc2010\first\helloworld.exe\helloworld.exe\Debug\link.4712.read.1.tlog
F:\vc2010\first\helloworld.exe\helloworld.exe\Debug\link.4712.write.1.tlog
F:\vc2010\first\helloworld.exe\helloworld.exe\Debug\link.4712-cvtres.read.1.tlog
F:\vc2010\first\helloworld.exe\helloworld.exe\Debug\link.4712-cvtres.write.1.tlog
F:\vc2010\first\helloworld.exe\helloworld.exe\Debug\link.7760.read.1.tlog
F:\vc2010\first\helloworld.exe\helloworld.exe\Debug\link.7760.write.1.tlog
F:\vc2010\first\helloworld.exe\helloworld.exe\Debug\link.7760-cvtres.read.1.tlog
F:\vc2010\first\helloworld.exe\helloworld.exe\Debug\link.7760-cvtres.write.1.tlog
F:\vc2010\first\helloworld.exe\helloworld.exe\Debug\link.command.1.tlog
F:\vc2010\first\helloworld.exe\helloworld.exe\Debug\link.read.1.tlog
F:\vc2010\first\helloworld.exe\helloworld.exe\Debug\link.write.1.tlog
F:\vc2010\first\helloworld.exe\helloworld.exe\Debug\link-cvtres.read.1.tlog
F:\vc2010\first\helloworld.exe\helloworld.exe\Debug\link-cvtres.write.1.tlog
F:\vc2010\first\helloworld.exe\helloworld.exe\Debug\mt.command.1.tlog
F:\vc2010\first\helloworld.exe\helloworld.exe\Debug\mt.read.1.tlog
F:\vc2010\first\helloworld.exe\helloworld.exe\Debug\mt.write.1.tlog
F:\vc2010\first\helloworld.exe\helloworld.exe\Debug\rc.command.1.tlog
F:\vc2010\first\helloworld.exe\helloworld.exe\Debug\rc.read.1.tlog
F:\vc2010\first\helloworld.exe\helloworld.exe\Debug\rc.write.1.tlog
F:\VC2010\FIRST\HELLOWORLD.EXE\HELLOWORLD.EXE\DEBUG\STDAFX.OBJ
F:\vc2010\first\helloworld.exe\helloworld.exe\Debug\vc100.idb
F:\VC2010\FIRST\HELLOWORLD.EXE\HELLOWORLD.EXE\DEBUG\VC100.PDB
