Build started 2013/12/25 11:47:15.
     1>Project "F:\vc2010\first\STLtext\STLtext\STLtext.vcxproj" on node 2 (build target(s)).
     1>InitializeBuildStatus:
         Creating "Debug\STLtext.unsuccessfulbuild" because "AlwaysCreate" was specified.
       ClCompile:
         All outputs are up-to-date.
         D:\Program Files (x86)\Microsoft Visual Studio 10.0\VC\bin\CL.exe /c /ZI /nologo /W3 /WX- /Od /Oy- /D WIN32 /D _DEBUG /D _CONSOLE /D _UNICODE /D UNICODE /D _AFXDLL /Gm /EHsc /RTC1 /MDd /GS /fp:precise /Zc:wchar_t /Zc:forScope /Yu"StdAfx.h" /Fp"Debug\STLtext.pch" /Fo"Debug\\" /Fd"Debug\vc100.pdb" /Gd /TP /analyze- /errorReport:prompt STLtext.cpp
         STLtext.cpp
       ResourceCompile:
         All outputs are up-to-date.
       ManifestResourceCompile:
         All outputs are up-to-date.
       Link:
         D:\Program Files (x86)\Microsoft Visual Studio 10.0\VC\bin\link.exe /ERRORREPORT:PROMPT /OUT:"F:\vc2010\first\STLtext\Debug\STLtext.exe" /INCREMENTAL /NOLOGO /MANIFEST /ManifestFile:"Debug\STLtext.exe.intermediate.manifest" /MANIFESTUAC:"level='asInvoker' uiAccess='false'" /DEBUG /PDB:"F:\vc2010\first\STLtext\Debug\STLtext.pdb" /SUBSYSTEM:CONSOLE /TLBID:1 /DYNAMICBASE /NXCOMPAT /IMPLIB:"F:\vc2010\first\STLtext\Debug\STLtext.lib" /MACHINE:X86 Debug\STLtext.res
         Debug\STLtext.exe.embed.manifest.res
         Debug\stdafx.obj
         Debug\STLtext.obj
       Manifest:
         C:\Program Files (x86)\Microsoft SDKs\Windows\v7.0A\bin\mt.exe /nologo /verbose /out:"Debug\STLtext.exe.embed.manifest" /manifest Debug\STLtext.exe.intermediate.manifest "D:\Program Files (x86)\Microsoft Visual Studio 10.0\VC\Include\Manifest\dpiaware.manifest"
         All outputs are up-to-date.
       LinkEmbedManifest:
         All outputs are up-to-date.
         STLtext.vcxproj -> F:\vc2010\first\STLtext\Debug\STLtext.exe
       FinalizeBuildStatus:
         Deleting file "Debug\STLtext.unsuccessfulbuild".
         Touching "Debug\STLtext.lastbuildstate".
     1>Done Building Project "F:\vc2010\first\STLtext\STLtext\STLtext.vcxproj" (build target(s)).

Build succeeded.

Time Elapsed 00:00:00.64
